2014-08-26 12:16:08,069 [Worker-5] INFO  o.e.m.c.i.p.ProjectConfigurationManager - Collecting project info '/pom.xml' /Users/ufukujo/Workspaces/Eclipse/poc2/poc2/pom.xml
2014-08-26 12:16:08,563 [Worker-5] INFO  o.e.m.c.i.l.LifecycleMappingFactory - Using org.eclipse.m2e.jdt.JarLifecycleMapping lifecycle mapping for MavenProject: poc2:poc2:0.0.1-SNAPSHOT @ /Users/ufukujo/Workspaces/Eclipse/poc2/poc2/pom.xml.
2014-08-26 12:16:08,950 [Worker-5] INFO  o.e.m.j.i.AbstractJavaProjectConfigurator - Adding source folder /poc2/src/main/java
2014-08-26 12:16:08,952 [Worker-5] INFO  o.e.m.j.i.AbstractJavaProjectConfigurator - Adding source folder /poc2/src/test/java
2014-08-26 12:16:10,578 [Worker-5] INFO  o.e.m.c.i.p.ProjectConfigurationManager - Project import completed 2 sec
2014-08-26 12:16:10,655 [Worker-1] INFO  o.e.m.c.i.l.LifecycleMappingFactory - Using org.eclipse.m2e.jdt.JarLifecycleMapping lifecycle mapping for MavenProject: poc2:poc2:0.0.1-SNAPSHOT @ /Users/ufukujo/Workspaces/Eclipse/poc2/poc2/pom.xml.
2014-08-26 12:16:11,005 [Worker-4] INFO  o.e.m.c.i.embedder.EclipseLogger - Using 'UTF-8' encoding to copy filtered resources.
2014-08-26 12:16:11,005 [Worker-4] INFO  o.e.m.c.i.embedder.EclipseLogger - skip non existing resourceDirectory /Users/ufukujo/Workspaces/Eclipse/poc2/poc2/src/main/resources
2014-08-26 12:16:11,007 [Worker-4] INFO  o.e.m.c.i.embedder.EclipseLogger - Using 'UTF-8' encoding to copy filtered resources.
2014-08-26 12:16:11,008 [Worker-4] INFO  o.e.m.c.i.embedder.EclipseLogger - skip non existing resourceDirectory /Users/ufukujo/Workspaces/Eclipse/poc2/poc2/src/test/resources
2014-08-26 12:16:28,125 [ModalContext] WARN  o.e.m.i.discovery.MavenDiscovery - CatalogItem org.eclipse.m2e.discovery.lifecyclemapping.m2e-egit does not contain lifecycle mapping metadata
2014-08-26 12:16:28,126 [ModalContext] WARN  o.e.m.i.discovery.MavenDiscovery - CatalogItem org.eclipse.m2e.discovery.lifecyclemapping.m2e-subversive does not contain lifecycle mapping metadata
2014-08-26 12:16:28,127 [ModalContext] WARN  o.e.m.i.discovery.MavenDiscovery - CatalogItem org.eclipse.m2e.discovery.lifecyclemapping.m2e-subclipse does not contain lifecycle mapping metadata
2014-08-26 12:19:00,368 [ModalContext] WARN  o.e.m.i.discovery.MavenDiscovery - CatalogItem org.eclipse.m2e.discovery.lifecyclemapping.m2e-egit does not contain lifecycle mapping metadata
2014-08-26 12:19:00,371 [ModalContext] WARN  o.e.m.i.discovery.MavenDiscovery - CatalogItem org.eclipse.m2e.discovery.lifecyclemapping.m2e-subversive does not contain lifecycle mapping metadata
2014-08-26 12:19:00,372 [ModalContext] WARN  o.e.m.i.discovery.MavenDiscovery - CatalogItem org.eclipse.m2e.discovery.lifecyclemapping.m2e-subclipse does not contain lifecycle mapping metadata
2014-08-26 12:21:23,021 [Worker-5] INFO  o.e.m.c.i.l.LifecycleMappingFactory - Using org.eclipse.m2e.jdt.JarLifecycleMapping lifecycle mapping for MavenProject: flickrApp:proof-of-concept:0.0.1-SNAPSHOT @ /Users/ufukujo/Workspaces/Eclipse/poc2/pom.xml.
2014-08-26 12:21:23,409 [Worker-5] INFO  o.e.m.j.i.AbstractJavaProjectConfigurator - Adding source folder /proof-of-concept/src/main/java
2014-08-26 12:21:23,410 [Worker-5] INFO  o.e.m.j.i.AbstractJavaProjectConfigurator - Adding source folder /proof-of-concept/src/test/java
2014-08-26 12:21:23,513 [Worker-5] INFO  o.e.m.c.i.p.ProjectConfigurationManager - Project import completed 0 sec
2014-08-26 12:21:23,542 [Worker-6] INFO  o.e.m.c.i.p.ProjectConfigurationManager - Update started
2014-08-26 12:21:23,542 [Worker-6] INFO  o.e.m.c.i.p.ProjectConfigurationManager - Update completed: 0 sec
2014-08-26 12:21:24,084 [Worker-7] INFO  o.e.m.c.i.l.LifecycleMappingFactory - Using org.eclipse.m2e.jdt.JarLifecycleMapping lifecycle mapping for MavenProject: flickrApp:proof-of-concept:0.0.1-SNAPSHOT @ /Users/ufukujo/Workspaces/Eclipse/poc2/pom.xml.
2014-08-26 12:21:24,154 [Worker-7] INFO  o.e.m.c.i.embedder.EclipseLogger - Using 'UTF-8' encoding to copy filtered resources.
2014-08-26 12:21:24,155 [Worker-7] INFO  o.e.m.c.i.embedder.EclipseLogger - skip non existing resourceDirectory /Users/ufukujo/Workspaces/Eclipse/poc2/src/main/resources
2014-08-26 12:21:24,157 [Worker-7] INFO  o.e.m.c.i.embedder.EclipseLogger - Using 'UTF-8' encoding to copy filtered resources.
2014-08-26 12:21:24,157 [Worker-7] INFO  o.e.m.c.i.embedder.EclipseLogger - skip non existing resourceDirectory /Users/ufukujo/Workspaces/Eclipse/poc2/src/test/resources
2014-08-26 12:21:24,575 [Worker-6] INFO  o.e.m.c.i.l.LifecycleMappingFactory - Using org.eclipse.m2e.jdt.JarLifecycleMapping lifecycle mapping for MavenProject: flickrApp:proof-of-concept:0.0.1-SNAPSHOT @ /Users/ufukujo/Workspaces/Eclipse/poc2/pom.xml.
2014-08-26 12:21:25,181 [Worker-1] INFO  o.e.m.c.i.embedder.EclipseLogger - Using 'UTF-8' encoding to copy filtered resources.
2014-08-26 12:21:25,182 [Worker-1] INFO  o.e.m.c.i.embedder.EclipseLogger - skip non existing resourceDirectory /Users/ufukujo/Workspaces/Eclipse/poc2/src/main/resources
2014-08-26 12:21:25,183 [Worker-1] INFO  o.e.m.c.i.embedder.EclipseLogger - Using 'UTF-8' encoding to copy filtered resources.
2014-08-26 12:21:25,184 [Worker-1] INFO  o.e.m.c.i.embedder.EclipseLogger - skip non existing resourceDirectory /Users/ufukujo/Workspaces/Eclipse/poc2/src/test/resources
2014-08-26 12:41:40,730 [Worker-12] INFO  o.e.m.c.i.l.LifecycleMappingFactory - Using org.eclipse.m2e.jdt.JarLifecycleMapping lifecycle mapping for MavenProject: flickrApp:proof-of-concept:0.0.1-SNAPSHOT @ /Users/ufukujo/Workspaces/Eclipse/proof-of-concept/proof-of-concept/pom.xml.
2014-08-26 12:41:40,779 [Worker-12] INFO  o.e.m.c.i.embedder.EclipseLogger - Using 'UTF-8' encoding to copy filtered resources.
2014-08-26 12:41:40,782 [Worker-12] INFO  o.e.m.c.i.embedder.EclipseLogger - Copying 1 resource
2014-08-26 12:41:40,788 [Worker-12] INFO  o.e.m.c.i.embedder.EclipseLogger - Using 'UTF-8' encoding to copy filtered resources.
2014-08-26 12:41:40,788 [Worker-12] INFO  o.e.m.c.i.embedder.EclipseLogger - skip non existing resourceDirectory /Users/ufukujo/Workspaces/Eclipse/proof-of-concept/proof-of-concept/src/test/resources
2014-08-26 12:41:41,371 [Worker-5] INFO  o.e.m.c.i.l.LifecycleMappingFactory - Using org.eclipse.m2e.jdt.JarLifecycleMapping lifecycle mapping for MavenProject: flickrApp:proof-of-concept:0.0.1-SNAPSHOT @ /Users/ufukujo/Workspaces/Eclipse/proof-of-concept/proof-of-concept/pom.xml.
2014-08-26 12:41:41,996 [Worker-7] INFO  o.e.m.c.i.embedder.EclipseLogger - Using 'UTF-8' encoding to copy filtered resources.
2014-08-26 12:41:42,000 [Worker-7] INFO  o.e.m.c.i.embedder.EclipseLogger - Copying 1 resource
2014-08-26 12:41:42,003 [Worker-7] INFO  o.e.m.c.i.embedder.EclipseLogger - Using 'UTF-8' encoding to copy filtered resources.
2014-08-26 12:41:42,003 [Worker-7] INFO  o.e.m.c.i.embedder.EclipseLogger - skip non existing resourceDirectory /Users/ufukujo/Workspaces/Eclipse/proof-of-concept/proof-of-concept/src/test/resources
2014-08-26 12:42:49,541 [Worker-9] INFO  o.e.m.c.i.embedder.EclipseLogger - Using 'UTF-8' encoding to copy filtered resources.
2014-08-26 12:42:49,541 [Worker-9] INFO  o.e.m.c.i.embedder.EclipseLogger - Copying 0 resource
2014-08-26 12:42:49,542 [Worker-9] INFO  o.e.m.c.i.embedder.EclipseLogger - Using 'UTF-8' encoding to copy filtered resources.
2014-08-26 12:42:49,542 [Worker-9] INFO  o.e.m.c.i.embedder.EclipseLogger - skip non existing resourceDirectory /Users/ufukujo/Workspaces/Eclipse/proof-of-concept/proof-of-concept/src/test/resources
2014-08-26 12:46:45,234 [Worker-19] INFO  o.e.m.c.i.embedder.EclipseLogger - Using 'UTF-8' encoding to copy filtered resources.
2014-08-26 12:46:45,235 [Worker-19] INFO  o.e.m.c.i.embedder.EclipseLogger - Copying 1 resource
2014-08-26 12:46:45,236 [Worker-19] INFO  o.e.m.c.i.embedder.EclipseLogger - Using 'UTF-8' encoding to copy filtered resources.
2014-08-26 12:46:45,236 [Worker-19] INFO  o.e.m.c.i.embedder.EclipseLogger - skip non existing resourceDirectory /Users/ufukujo/Workspaces/Eclipse/proof-of-concept/proof-of-concept/src/test/resources
2014-08-26 14:47:06,910 [Worker-41] INFO  c.n.h.c.p.n.NettyAsyncHttpProvider - Number of application's worked threads is 16
2014-08-26 14:47:07,394 [New I/O client worker #1-2] INFO  o.e.m.c.i.e.AbstractTransferListenerAdapter - Downloading http://jcenter.bintray.com/com/flickr4java/flickr4java/2.10/flickr4java-2.10-javadoc.jar
2014-08-26 14:47:08,006 [New I/O client worker #1-2] INFO  o.e.m.c.i.e.AbstractTransferListenerAdapter - Downloaded http://jcenter.bintray.com/com/flickr4java/flickr4java/2.10/flickr4java-2.10-javadoc.jar
2014-08-26 14:47:08,133 [Worker-41] INFO  o.e.m.j.internal.DownloadSourcesJob - Downloaded javadoc for com.flickr4java:flickr4java:2.10
2014-08-26 14:47:08,135 [Worker-41] INFO  c.n.h.c.p.n.NettyAsyncHttpProvider - Number of application's worked threads is 16
2014-08-26 14:47:08,461 [New I/O client worker #2-2] INFO  o.e.m.c.i.e.AbstractTransferListenerAdapter - Downloading http://jcenter.bintray.com/org/scribe/scribe/1.3.5/scribe-1.3.5-javadoc.jar
2014-08-26 14:47:09,520 [New I/O client worker #2-2] INFO  o.e.m.c.i.e.AbstractTransferListenerAdapter - Downloaded http://jcenter.bintray.com/org/scribe/scribe/1.3.5/scribe-1.3.5-javadoc.jar
2014-08-26 14:47:09,633 [Worker-41] INFO  o.e.m.j.internal.DownloadSourcesJob - Downloaded javadoc for org.scribe:scribe:1.3.5
2014-08-26 14:47:09,635 [Worker-41] INFO  c.n.h.c.p.n.NettyAsyncHttpProvider - Number of application's worked threads is 16
2014-08-26 14:47:09,939 [New I/O client worker #3-2] INFO  o.e.m.c.i.e.AbstractTransferListenerAdapter - Downloading http://jcenter.bintray.com/org/apache/axis/axis/1.4/axis-1.4-sources.jar
2014-08-26 14:47:10,661 [New I/O client worker #3-2] INFO  o.e.m.c.i.e.AbstractTransferListenerAdapter - Downloaded http://jcenter.bintray.com/org/apache/axis/axis/1.4/axis-1.4-sources.jar
2014-08-26 14:47:10,720 [Worker-41] INFO  o.e.m.j.internal.DownloadSourcesJob - Downloaded sources for org.apache.axis:axis:1.4
2014-08-26 14:47:10,721 [Worker-41] INFO  c.n.h.c.p.n.NettyAsyncHttpProvider - Number of application's worked threads is 16
2014-08-26 14:47:11,682 [New I/O client worker #4-2] INFO  o.e.m.c.i.e.AbstractTransferListenerAdapter - Downloaded http://jcenter.bintray.com/org/apache/axis/axis/1.4/axis-1.4-javadoc.jar
2014-08-26 14:47:11,684 [Worker-41] INFO  c.n.h.c.p.n.NettyAsyncHttpProvider - Number of application's worked threads is 16
2014-08-26 14:47:11,796 [New I/O client worker #5-1] INFO  o.e.m.c.i.e.AbstractTransferListenerAdapter - Downloaded http://repo.maven.apache.org/maven2/org/apache/axis/axis/1.4/axis-1.4-javadoc.jar
2014-08-26 14:47:11,802 [Worker-41] ERROR o.e.m.j.internal.DownloadSourcesJob - Could not download sources for org.apache.axis:axis:1.4
org.eclipse.core.runtime.CoreException: Could not resolve artifact org.apache.axis:axis:jar:javadoc:1.4
	at org.eclipse.m2e.core.internal.embedder.MavenImpl$5.call(MavenImpl.java:750) ~[org.eclipse.m2e.core_1.4.0.20130601-0317.jar:na]
	at org.eclipse.m2e.core.internal.embedder.MavenImpl$5.call(MavenImpl.java:1) ~[org.eclipse.m2e.core_1.4.0.20130601-0317.jar:na]
	at org.eclipse.m2e.core.internal.embedder.MavenExecutionContext.executeBare(MavenExecutionContext.java:161) ~[org.eclipse.m2e.core_1.4.0.20130601-0317.jar:na]
	at org.eclipse.m2e.core.internal.embedder.MavenExecutionContext.execute(MavenExecutionContext.java:137) ~[org.eclipse.m2e.core_1.4.0.20130601-0317.jar:na]
	at org.eclipse.m2e.core.internal.embedder.MavenExecutionContext.execute(MavenExecutionContext.java:89) ~[org.eclipse.m2e.core_1.4.0.20130601-0317.jar:na]
	at org.eclipse.m2e.core.internal.embedder.MavenImpl.resolve(MavenImpl.java:717) ~[org.eclipse.m2e.core_1.4.0.20130601-0317.jar:na]
	at org.eclipse.m2e.core.internal.embedder.MavenImpl.resolve(MavenImpl.java:694) ~[org.eclipse.m2e.core_1.4.0.20130601-0317.jar:na]
	at org.eclipse.m2e.jdt.internal.DownloadSourcesJob.download(DownloadSourcesJob.java:231) [org.eclipse.m2e.jdt_1.4.0.20130601-0317.jar:na]
	at org.eclipse.m2e.jdt.internal.DownloadSourcesJob.downloadAttachments(DownloadSourcesJob.java:219) [org.eclipse.m2e.jdt_1.4.0.20130601-0317.jar:na]
	at org.eclipse.m2e.jdt.internal.DownloadSourcesJob.downloadMaven(DownloadSourcesJob.java:184) [org.eclipse.m2e.jdt_1.4.0.20130601-0317.jar:na]
	at org.eclipse.m2e.jdt.internal.DownloadSourcesJob.run(DownloadSourcesJob.java:140) [org.eclipse.m2e.jdt_1.4.0.20130601-0317.jar:na]
	at org.eclipse.core.internal.jobs.Worker.run(Worker.java:53) ~[org.eclipse.core.jobs_3.5.300.v20130429-1813.jar:na]
2014-08-26 14:47:11,804 [Worker-41] INFO  c.n.h.c.p.n.NettyAsyncHttpProvider - Number of application's worked threads is 16
2014-08-26 14:47:12,003 [New I/O client worker #6-2] INFO  o.e.m.c.i.e.AbstractTransferListenerAdapter - Downloading http://jcenter.bintray.com/log4j/log4j/1.2.17/log4j-1.2.17-sources.jar
2014-08-26 14:47:13,027 [New I/O client worker #6-2] INFO  o.e.m.c.i.e.AbstractTransferListenerAdapter - Downloaded http://jcenter.bintray.com/log4j/log4j/1.2.17/log4j-1.2.17-sources.jar
2014-08-26 14:47:13,090 [Worker-41] INFO  o.e.m.j.internal.DownloadSourcesJob - Downloaded sources for log4j:log4j:1.2.17
2014-08-26 14:47:13,091 [Worker-41] INFO  c.n.h.c.p.n.NettyAsyncHttpProvider - Number of application's worked threads is 16
2014-08-26 14:47:13,410 [New I/O client worker #7-2] INFO  o.e.m.c.i.e.AbstractTransferListenerAdapter - Downloading http://jcenter.bintray.com/log4j/log4j/1.2.17/log4j-1.2.17-javadoc.jar
2014-08-26 14:47:15,656 [New I/O client worker #7-2] INFO  o.e.m.c.i.e.AbstractTransferListenerAdapter - Downloaded http://jcenter.bintray.com/log4j/log4j/1.2.17/log4j-1.2.17-javadoc.jar
2014-08-26 14:47:15,730 [Worker-41] INFO  o.e.m.j.internal.DownloadSourcesJob - Downloaded javadoc for log4j:log4j:1.2.17
2014-08-26 14:47:15,894 [Worker-42] INFO  o.e.m.c.i.embedder.EclipseLogger - Using 'UTF-8' encoding to copy filtered resources.
2014-08-26 14:47:15,895 [Worker-42] INFO  o.e.m.c.i.embedder.EclipseLogger - Copying 0 resource
2014-08-26 14:47:15,896 [Worker-42] INFO  o.e.m.c.i.embedder.EclipseLogger - Using 'UTF-8' encoding to copy filtered resources.
2014-08-26 14:47:15,896 [Worker-42] INFO  o.e.m.c.i.embedder.EclipseLogger - skip non existing resourceDirectory /Users/ufukujo/Workspaces/Eclipse/proof-of-concept/proof-of-concept/src/test/resources
2014-08-26 14:47:16,861 [Worker-27] INFO  c.n.h.c.p.n.NettyAsyncHttpProvider - Number of application's worked threads is 16
2014-08-26 14:47:17,002 [New I/O client worker #8-1] INFO  o.e.m.c.i.e.AbstractTransferListenerAdapter - Downloading http://jcenter.bintray.com/junit/junit/3.8.1/junit-3.8.1-sources.jar
2014-08-26 14:47:17,078 [New I/O client worker #8-1] INFO  o.e.m.c.i.e.AbstractTransferListenerAdapter - Downloaded http://jcenter.bintray.com/junit/junit/3.8.1/junit-3.8.1-sources.jar
2014-08-26 14:47:17,128 [Worker-27] INFO  o.e.m.j.internal.DownloadSourcesJob - Downloaded sources for junit:junit:3.8.1
2014-08-26 14:47:17,129 [Worker-27] INFO  c.n.h.c.p.n.NettyAsyncHttpProvider - Number of application's worked threads is 16
2014-08-26 14:47:17,636 [New I/O client worker #9-2] INFO  o.e.m.c.i.e.AbstractTransferListenerAdapter - Downloaded http://jcenter.bintray.com/junit/junit/3.8.1/junit-3.8.1-javadoc.jar
2014-08-26 14:47:17,638 [Worker-27] INFO  c.n.h.c.p.n.NettyAsyncHttpProvider - Number of application's worked threads is 16
2014-08-26 14:47:17,712 [New I/O client worker #10-1] INFO  o.e.m.c.i.e.AbstractTransferListenerAdapter - Downloaded http://repo.maven.apache.org/maven2/junit/junit/3.8.1/junit-3.8.1-javadoc.jar
2014-08-26 14:47:17,714 [Worker-27] ERROR o.e.m.j.internal.DownloadSourcesJob - Could not download sources for junit:junit:3.8.1
org.eclipse.core.runtime.CoreException: Could not resolve artifact junit:junit:jar:javadoc:3.8.1
	at org.eclipse.m2e.core.internal.embedder.MavenImpl$5.call(MavenImpl.java:750) ~[org.eclipse.m2e.core_1.4.0.20130601-0317.jar:na]
	at org.eclipse.m2e.core.internal.embedder.MavenImpl$5.call(MavenImpl.java:1) ~[org.eclipse.m2e.core_1.4.0.20130601-0317.jar:na]
	at org.eclipse.m2e.core.internal.embedder.MavenExecutionContext.executeBare(MavenExecutionContext.java:161) ~[org.eclipse.m2e.core_1.4.0.20130601-0317.jar:na]
	at org.eclipse.m2e.core.internal.embedder.MavenExecutionContext.execute(MavenExecutionContext.java:137) ~[org.eclipse.m2e.core_1.4.0.20130601-0317.jar:na]
	at org.eclipse.m2e.core.internal.embedder.MavenExecutionContext.execute(MavenExecutionContext.java:89) ~[org.eclipse.m2e.core_1.4.0.20130601-0317.jar:na]
	at org.eclipse.m2e.core.internal.embedder.MavenImpl.resolve(MavenImpl.java:717) ~[org.eclipse.m2e.core_1.4.0.20130601-0317.jar:na]
	at org.eclipse.m2e.core.internal.embedder.MavenImpl.resolve(MavenImpl.java:694) ~[org.eclipse.m2e.core_1.4.0.20130601-0317.jar:na]
	at org.eclipse.m2e.jdt.internal.DownloadSourcesJob.download(DownloadSourcesJob.java:231) [org.eclipse.m2e.jdt_1.4.0.20130601-0317.jar:na]
	at org.eclipse.m2e.jdt.internal.DownloadSourcesJob.downloadAttachments(DownloadSourcesJob.java:219) [org.eclipse.m2e.jdt_1.4.0.20130601-0317.jar:na]
	at org.eclipse.m2e.jdt.internal.DownloadSourcesJob.downloadMaven(DownloadSourcesJob.java:184) [org.eclipse.m2e.jdt_1.4.0.20130601-0317.jar:na]
	at org.eclipse.m2e.jdt.internal.DownloadSourcesJob.run(DownloadSourcesJob.java:140) [org.eclipse.m2e.jdt_1.4.0.20130601-0317.jar:na]
	at org.eclipse.core.internal.jobs.Worker.run(Worker.java:53) ~[org.eclipse.core.jobs_3.5.300.v20130429-1813.jar:na]
2014-08-26 14:47:18,009 [Worker-39] INFO  o.e.m.c.i.embedder.EclipseLogger - Using 'UTF-8' encoding to copy filtered resources.
2014-08-26 14:47:18,009 [Worker-39] INFO  o.e.m.c.i.embedder.EclipseLogger - Copying 0 resource
2014-08-26 14:47:18,010 [Worker-39] INFO  o.e.m.c.i.embedder.EclipseLogger - Using 'UTF-8' encoding to copy filtered resources.
2014-08-26 14:47:18,010 [Worker-39] INFO  o.e.m.c.i.embedder.EclipseLogger - skip non existing resourceDirectory /Users/ufukujo/Workspaces/Eclipse/proof-of-concept/proof-of-concept/src/test/resources
2014-08-26 14:48:23,787 [Worker-3] INFO  o.e.m.c.i.l.LifecycleMappingFactory - Using org.eclipse.m2e.jdt.JarLifecycleMapping lifecycle mapping for MavenProject: flickrApp:proof-of-concept:0.0.1-SNAPSHOT @ /Users/ufukujo/Workspaces/Eclipse/proof-of-concept/proof-of-concept/pom.xml.
2014-08-26 14:48:24,802 [Worker-3] INFO  o.e.m.c.i.embedder.EclipseLogger - Using 'UTF-8' encoding to copy filtered resources.
2014-08-26 14:48:24,805 [Worker-3] INFO  o.e.m.c.i.embedder.EclipseLogger - Copying 1 resource
2014-08-26 14:48:24,813 [Worker-3] INFO  o.e.m.c.i.embedder.EclipseLogger - Using 'UTF-8' encoding to copy filtered resources.
2014-08-26 14:48:24,813 [Worker-3] INFO  o.e.m.c.i.embedder.EclipseLogger - skip non existing resourceDirectory /Users/ufukujo/Workspaces/Eclipse/proof-of-concept/proof-of-concept/src/test/resources
2014-08-26 15:42:31,957 [Worker-18] INFO  o.e.m.j.internal.DownloadSourcesJob - Downloaded sources for com.flickr4java:flickr4java:2.10
2014-08-26 15:42:32,113 [Worker-18] INFO  o.e.m.c.i.embedder.EclipseLogger - Using 'UTF-8' encoding to copy filtered resources.
2014-08-26 15:42:32,115 [Worker-18] INFO  o.e.m.c.i.embedder.EclipseLogger - Copying 0 resource
2014-08-26 15:42:32,116 [Worker-18] INFO  o.e.m.c.i.embedder.EclipseLogger - Using 'UTF-8' encoding to copy filtered resources.
2014-08-26 15:42:32,116 [Worker-18] INFO  o.e.m.c.i.embedder.EclipseLogger - skip non existing resourceDirectory /Users/ufukujo/Workspaces/Eclipse/proof-of-concept/proof-of-concept/src/test/resources
2014-08-26 15:42:58,206 [Worker-20] INFO  o.e.m.j.internal.DownloadSourcesJob - Downloaded sources for com.flickr4java:flickr4java:2.10
2014-08-26 15:42:58,329 [Worker-16] INFO  o.e.m.c.i.embedder.EclipseLogger - Using 'UTF-8' encoding to copy filtered resources.
2014-08-26 15:42:58,329 [Worker-16] INFO  o.e.m.c.i.embedder.EclipseLogger - Copying 0 resource
2014-08-26 15:42:58,331 [Worker-16] INFO  o.e.m.c.i.embedder.EclipseLogger - Using 'UTF-8' encoding to copy filtered resources.
2014-08-26 15:42:58,331 [Worker-16] INFO  o.e.m.c.i.embedder.EclipseLogger - skip non existing resourceDirectory /Users/ufukujo/Workspaces/Eclipse/proof-of-concept/proof-of-concept/src/test/resources
2014-08-26 15:49:30,377 [Worker-3] INFO  o.e.m.c.i.l.LifecycleMappingFactory - Using org.eclipse.m2e.jdt.JarLifecycleMapping lifecycle mapping for MavenProject: flickrApp:proof-of-concept:0.0.1-SNAPSHOT @ /Users/ufukujo/Workspaces/Eclipse/proof-of-concept/proof-of-concept/pom.xml.
2014-08-26 15:49:31,473 [Worker-4] INFO  o.e.m.c.i.embedder.EclipseLogger - Using 'UTF-8' encoding to copy filtered resources.
2014-08-26 15:49:31,478 [Worker-4] INFO  o.e.m.c.i.embedder.EclipseLogger - Copying 1 resource
2014-08-26 15:49:31,486 [Worker-4] INFO  o.e.m.c.i.embedder.EclipseLogger - Using 'UTF-8' encoding to copy filtered resources.
2014-08-26 15:49:31,486 [Worker-4] INFO  o.e.m.c.i.embedder.EclipseLogger - skip non existing resourceDirectory /Users/ufukujo/Workspaces/Eclipse/proof-of-concept/proof-of-concept/src/test/resources
2014-08-26 15:51:18,175 [Worker-4] INFO  o.e.m.c.i.l.LifecycleMappingFactory - Using org.eclipse.m2e.jdt.JarLifecycleMapping lifecycle mapping for MavenProject: flickrApp:proof-of-concept:0.0.1-SNAPSHOT @ /Users/ufukujo/Workspaces/Eclipse/proof-of-concept/proof-of-concept/pom.xml.
2014-08-26 15:51:18,406 [Worker-4] INFO  o.e.m.c.i.embedder.EclipseLogger - Using 'UTF-8' encoding to copy filtered resources.
2014-08-26 15:51:18,407 [Worker-4] INFO  o.e.m.c.i.embedder.EclipseLogger - Copying 0 resource
2014-08-26 15:51:18,408 [Worker-4] INFO  o.e.m.c.i.embedder.EclipseLogger - Using 'UTF-8' encoding to copy filtered resources.
2014-08-26 15:51:18,408 [Worker-4] INFO  o.e.m.c.i.embedder.EclipseLogger - skip non existing resourceDirectory /Users/ufukujo/Workspaces/Eclipse/proof-of-concept/proof-of-concept/src/test/resources
2014-08-26 15:51:19,431 [Worker-3] INFO  c.n.h.c.p.n.NettyAsyncHttpProvider - Number of application's worked threads is 16
2014-08-26 15:51:19,659 [Worker-6] INFO  o.e.m.c.i.embedder.EclipseLogger - Using 'UTF-8' encoding to copy filtered resources.
2014-08-26 15:51:19,661 [Worker-6] INFO  o.e.m.c.i.embedder.EclipseLogger - Copying 1 resource
2014-08-26 15:51:19,664 [Worker-6] INFO  o.e.m.c.i.embedder.EclipseLogger - Using 'UTF-8' encoding to copy filtered resources.
2014-08-26 15:51:19,664 [Worker-6] INFO  o.e.m.c.i.embedder.EclipseLogger - skip non existing resourceDirectory /Users/ufukujo/Workspaces/Eclipse/proof-of-concept/proof-of-concept/src/test/resources
2014-08-26 15:51:19,733 [New I/O client worker #1-1] INFO  o.e.m.c.i.e.AbstractTransferListenerAdapter - Downloading http://jcenter.bintray.com/com/flickr4java/flickr4java/2.11/flickr4java-2.11-sources.jar
2014-08-26 15:51:19,882 [New I/O client worker #1-1] INFO  o.e.m.c.i.e.AbstractTransferListenerAdapter - Downloaded http://jcenter.bintray.com/com/flickr4java/flickr4java/2.11/flickr4java-2.11-sources.jar
2014-08-26 15:51:19,969 [Worker-3] INFO  o.e.m.j.internal.DownloadSourcesJob - Downloaded sources for com.flickr4java:flickr4java:2.11
2014-08-26 15:51:19,970 [Worker-3] INFO  c.n.h.c.p.n.NettyAsyncHttpProvider - Number of application's worked threads is 16
2014-08-26 15:51:20,816 [New I/O client worker #2-2] INFO  o.e.m.c.i.e.AbstractTransferListenerAdapter - Downloading http://jcenter.bintray.com/com/flickr4java/flickr4java/2.11/flickr4java-2.11-javadoc.jar
2014-08-26 15:51:21,789 [New I/O client worker #2-2] INFO  o.e.m.c.i.e.AbstractTransferListenerAdapter - Downloaded http://jcenter.bintray.com/com/flickr4java/flickr4java/2.11/flickr4java-2.11-javadoc.jar
2014-08-26 15:51:21,901 [Worker-3] INFO  o.e.m.j.internal.DownloadSourcesJob - Downloaded javadoc for com.flickr4java:flickr4java:2.11
2014-08-26 15:51:22,035 [Worker-5] INFO  o.e.m.c.i.embedder.EclipseLogger - Using 'UTF-8' encoding to copy filtered resources.
2014-08-26 15:51:22,035 [Worker-5] INFO  o.e.m.c.i.embedder.EclipseLogger - Copying 0 resource
2014-08-26 15:51:22,036 [Worker-5] INFO  o.e.m.c.i.embedder.EclipseLogger - Using 'UTF-8' encoding to copy filtered resources.
2014-08-26 15:51:22,036 [Worker-5] INFO  o.e.m.c.i.embedder.EclipseLogger - skip non existing resourceDirectory /Users/ufukujo/Workspaces/Eclipse/proof-of-concept/proof-of-concept/src/test/resources
2014-08-26 15:56:06,372 [Start Help Server] INFO  org.eclipse.jetty.server.Server - jetty-8.1.10.v20130312
2014-08-26 15:56:06,397 [Start Help Server] INFO  o.e.jetty.server.AbstractConnector - Started SelectChannelConnector@127.0.0.1:50440
2014-08-26 16:58:02,745 [Worker-28] INFO  o.e.m.c.i.embedder.EclipseLogger - Using 'UTF-8' encoding to copy filtered resources.
2014-08-26 16:58:02,745 [Worker-28] INFO  o.e.m.c.i.embedder.EclipseLogger - Copying 0 resource
2014-08-26 16:58:02,746 [Worker-28] INFO  o.e.m.c.i.embedder.EclipseLogger - Using 'UTF-8' encoding to copy filtered resources.
2014-08-26 16:58:02,746 [Worker-28] INFO  o.e.m.c.i.embedder.EclipseLogger - skip non existing resourceDirectory /Users/ufukujo/Workspaces/Eclipse/proof-of-concept/proof-of-concept/src/test/resources
2014-08-26 16:58:48,131 [Worker-29] INFO  o.e.m.c.i.embedder.EclipseLogger - Using 'UTF-8' encoding to copy filtered resources.
2014-08-26 16:58:48,131 [Worker-29] INFO  o.e.m.c.i.embedder.EclipseLogger - Copying 0 resource
2014-08-26 16:58:48,132 [Worker-29] INFO  o.e.m.c.i.embedder.EclipseLogger - Using 'UTF-8' encoding to copy filtered resources.
2014-08-26 16:58:48,132 [Worker-29] INFO  o.e.m.c.i.embedder.EclipseLogger - skip non existing resourceDirectory /Users/ufukujo/Workspaces/Eclipse/proof-of-concept/proof-of-concept/src/test/resources
2014-08-26 16:59:35,750 [Worker-29] INFO  o.e.m.c.i.l.LifecycleMappingFactory - Using org.eclipse.m2e.jdt.JarLifecycleMapping lifecycle mapping for MavenProject: flickrApp:proof-of-concept:0.0.1-SNAPSHOT @ /Users/ufukujo/Workspaces/Eclipse/proof-of-concept/proof-of-concept/pom.xml.
2014-08-26 16:59:35,789 [Worker-29] INFO  o.e.m.c.i.embedder.EclipseLogger - Using 'UTF-8' encoding to copy filtered resources.
2014-08-26 16:59:35,789 [Worker-29] INFO  o.e.m.c.i.embedder.EclipseLogger - Copying 0 resource
2014-08-26 16:59:35,790 [Worker-29] INFO  o.e.m.c.i.embedder.EclipseLogger - Using 'UTF-8' encoding to copy filtered resources.
2014-08-26 16:59:35,790 [Worker-29] INFO  o.e.m.c.i.embedder.EclipseLogger - skip non existing resourceDirectory /Users/ufukujo/Workspaces/Eclipse/proof-of-concept/proof-of-concept/src/test/resources
2014-08-26 17:01:12,618 [Worker-30] INFO  o.e.m.c.i.l.LifecycleMappingFactory - Using org.eclipse.m2e.jdt.JarLifecycleMapping lifecycle mapping for MavenProject: flickrApp:proof-of-concept:0.0.1-SNAPSHOT @ /Users/ufukujo/Workspaces/Eclipse/proof-of-concept/proof-of-concept/pom.xml.
2014-08-26 17:01:12,646 [Worker-30] INFO  o.e.m.c.i.embedder.EclipseLogger - Using 'UTF-8' encoding to copy filtered resources.
2014-08-26 17:01:12,646 [Worker-30] INFO  o.e.m.c.i.embedder.EclipseLogger - Copying 0 resource
2014-08-26 17:01:12,648 [Worker-30] INFO  o.e.m.c.i.embedder.EclipseLogger - Using 'UTF-8' encoding to copy filtered resources.
2014-08-26 17:01:12,648 [Worker-30] INFO  o.e.m.c.i.embedder.EclipseLogger - skip non existing resourceDirectory /Users/ufukujo/Workspaces/Eclipse/proof-of-concept/proof-of-concept/src/test/resources
2014-08-27 11:11:18,490 [Worker-3] INFO  o.e.m.c.i.l.LifecycleMappingFactory - Using org.eclipse.m2e.jdt.JarLifecycleMapping lifecycle mapping for MavenProject: flickrApp:proof-of-concept:0.0.1-SNAPSHOT @ /Users/ufukujo/Workspaces/Eclipse/proof-of-concept/proof-of-concept/pom.xml.
2014-08-27 11:11:19,469 [Worker-3] INFO  o.e.m.c.i.embedder.EclipseLogger - Using 'UTF-8' encoding to copy filtered resources.
2014-08-27 11:11:19,473 [Worker-3] INFO  o.e.m.c.i.embedder.EclipseLogger - Copying 1 resource
2014-08-27 11:11:19,486 [Worker-3] INFO  o.e.m.c.i.embedder.EclipseLogger - Using 'UTF-8' encoding to copy filtered resources.
2014-08-27 11:11:19,486 [Worker-3] INFO  o.e.m.c.i.embedder.EclipseLogger - skip non existing resourceDirectory /Users/ufukujo/Workspaces/Eclipse/proof-of-concept/proof-of-concept/src/test/resources
2014-08-27 15:19:31,210 [Worker-27] INFO  o.e.m.c.i.embedder.EclipseLogger - Using 'UTF-8' encoding to copy filtered resources.
2014-08-27 15:19:31,212 [Worker-27] INFO  o.e.m.c.i.embedder.EclipseLogger - Copying 0 resource
2014-08-27 15:19:31,213 [Worker-27] INFO  o.e.m.c.i.embedder.EclipseLogger - Using 'UTF-8' encoding to copy filtered resources.
2014-08-27 15:19:31,213 [Worker-27] INFO  o.e.m.c.i.embedder.EclipseLogger - skip non existing resourceDirectory /Users/ufukujo/Workspaces/Eclipse/proof-of-concept/proof-of-concept/src/test/resources
2014-08-27 15:20:16,887 [main] ERROR o.e.m.j.i.DownloadSourcesActionDelegate - Could not schedule source download
org.eclipse.jdt.core.JavaModelException: Flickr4Java/Flickr4Java/target/classes/com/flickr4java/flickr/auth [in proof-of-concept] is not on its project's build path
	at org.eclipse.jdt.internal.core.JavaElement.newJavaModelException(JavaElement.java:508) ~[na:na]
	at org.eclipse.jdt.internal.core.Openable.generateInfos(Openable.java:246) ~[na:na]
	at org.eclipse.jdt.internal.core.JavaElement.openWhenClosed(JavaElement.java:521) ~[na:na]
	at org.eclipse.jdt.internal.core.JavaElement.getElementInfo(JavaElement.java:258) ~[na:na]
	at org.eclipse.jdt.internal.core.JavaElement.getElementInfo(JavaElement.java:244) ~[na:na]
	at org.eclipse.jdt.internal.core.PackageFragmentRoot.getKind(PackageFragmentRoot.java:481) ~[na:na]
	at org.eclipse.jdt.internal.core.PackageFragmentRoot.getSourceAttachmentPath(PackageFragmentRoot.java:595) ~[na:na]
	at org.eclipse.m2e.jdt.internal.DownloadSourcesActionDelegate.setActiveEditor(DownloadSourcesActionDelegate.java:52) ~[na:na]
	at org.eclipse.ui.internal.EditorPluginAction.editorChanged(EditorPluginAction.java:75) ~[na:na]
	at org.eclipse.ui.internal.EditorActionBuilder$EditorContribution.editorChanged(EditorActionBuilder.java:83) ~[na:na]
	at org.eclipse.ui.internal.EditorActionBuilder$ExternalContributor.setActiveEditor(EditorActionBuilder.java:129) ~[na:na]
	at org.eclipse.ui.internal.EditorActionBars.partChanged(EditorActionBars.java:345) ~[na:na]
	at org.eclipse.ui.internal.WorkbenchPage.updateActivations(WorkbenchPage.java:283) ~[na:na]
	at org.eclipse.ui.internal.WorkbenchPage.access$15(WorkbenchPage.java:265) ~[na:na]
	at org.eclipse.ui.internal.WorkbenchPage$E4PartListener.partActivated(WorkbenchPage.java:194) ~[na:na]
	at org.eclipse.e4.ui.internal.workbench.PartServiceImpl$2.run(PartServiceImpl.java:183) ~[na:na]
	at org.eclipse.core.runtime.SafeRunner.run(SafeRunner.java:42) ~[org.eclipse.equinox.common_3.6.200.v20130402-1505.jar:na]
	at org.eclipse.e4.ui.internal.workbench.PartServiceImpl.firePartActivated(PartServiceImpl.java:181) ~[na:na]
	at org.eclipse.e4.ui.internal.workbench.PartServiceImpl.activate(PartServiceImpl.java:595) ~[na:na]
	at org.eclipse.e4.ui.internal.workbench.PartServiceImpl.activate(PartServiceImpl.java:539) ~[na:na]
	at org.eclipse.e4.ui.internal.workbench.PartServiceImpl.activate(PartServiceImpl.java:528) ~[na:na]
	at org.eclipse.ui.internal.WorkbenchPage.busyOpenEditor(WorkbenchPage.java:3128) ~[na:na]
	at org.eclipse.ui.internal.WorkbenchPage.access$21(WorkbenchPage.java:3042) ~[na:na]
	at org.eclipse.ui.internal.WorkbenchPage$8.run(WorkbenchPage.java:3024) ~[na:na]
	at org.eclipse.swt.custom.BusyIndicator.showWhile(BusyIndicator.java:70) ~[org.eclipse.swt.cocoa.macosx.x86_64_3.102.0.v20130605-1544.jar:na]
	at org.eclipse.ui.internal.WorkbenchPage.openEditor(WorkbenchPage.java:3020) ~[na:na]
	at org.eclipse.ui.internal.WorkbenchPage.openEditor(WorkbenchPage.java:2984) ~[na:na]
	at org.eclipse.ui.internal.WorkbenchPage.openEditor(WorkbenchPage.java:2975) ~[na:na]
	at org.eclipse.jdt.internal.ui.javaeditor.EditorUtility.openInEditor(EditorUtility.java:373) ~[na:na]
	at org.eclipse.jdt.internal.ui.javaeditor.EditorUtility.openInEditor(EditorUtility.java:179) ~[na:na]
	at org.eclipse.jdt.ui.actions.OpenAction.run(OpenAction.java:268) ~[na:na]
	at org.eclipse.jdt.ui.actions.OpenAction.run(OpenAction.java:233) ~[na:na]
	at org.eclipse.jdt.ui.actions.SelectionDispatchAction.dispatchRun(SelectionDispatchAction.java:275) ~[na:na]
	at org.eclipse.jdt.ui.actions.SelectionDispatchAction.run(SelectionDispatchAction.java:251) ~[na:na]
	at org.eclipse.jdt.internal.ui.packageview.PackageExplorerActionGroup.handleOpen(PackageExplorerActionGroup.java:376) ~[na:na]
	at org.eclipse.jdt.internal.ui.packageview.PackageExplorerPart$4.open(PackageExplorerPart.java:538) ~[na:na]
	at org.eclipse.ui.OpenAndLinkWithEditorHelper$InternalListener.open(OpenAndLinkWithEditorHelper.java:47) ~[na:na]
	at org.eclipse.jface.viewers.StructuredViewer$2.run(StructuredViewer.java:866) ~[org.eclipse.jface_3.9.0.v20130521-1714.jar:na]
	at org.eclipse.core.runtime.SafeRunner.run(SafeRunner.java:42) ~[org.eclipse.equinox.common_3.6.200.v20130402-1505.jar:na]
	at org.eclipse.ui.internal.JFaceUtil$1.run(JFaceUtil.java:49) ~[na:na]
	at org.eclipse.jface.util.SafeRunnable.run(SafeRunnable.java:175) ~[org.eclipse.jface_3.9.0.v20130521-1714.jar:na]
	at org.eclipse.jface.viewers.StructuredViewer.fireOpen(StructuredViewer.java:864) ~[org.eclipse.jface_3.9.0.v20130521-1714.jar:na]
	at org.eclipse.jface.viewers.StructuredViewer.handleOpen(StructuredViewer.java:1152) ~[org.eclipse.jface_3.9.0.v20130521-1714.jar:na]
	at org.eclipse.jface.viewers.StructuredViewer$6.handleOpen(StructuredViewer.java:1256) ~[org.eclipse.jface_3.9.0.v20130521-1714.jar:na]
	at org.eclipse.jface.util.OpenStrategy.fireOpenEvent(OpenStrategy.java:275) ~[org.eclipse.jface_3.9.0.v20130521-1714.jar:na]
	at org.eclipse.jface.util.OpenStrategy.access$2(OpenStrategy.java:269) ~[org.eclipse.jface_3.9.0.v20130521-1714.jar:na]
	at org.eclipse.jface.util.OpenStrategy$1.handleEvent(OpenStrategy.java:309) ~[org.eclipse.jface_3.9.0.v20130521-1714.jar:na]
	at org.eclipse.swt.widgets.EventTable.sendEvent(EventTable.java:84) ~[org.eclipse.swt.cocoa.macosx.x86_64_3.102.0.v20130605-1544.jar:na]
	at org.eclipse.swt.widgets.Display.sendEvent(Display.java:4166) ~[org.eclipse.swt.cocoa.macosx.x86_64_3.102.0.v20130605-1544.jar:na]
	at org.eclipse.swt.widgets.Widget.sendEvent(Widget.java:1466) ~[org.eclipse.swt.cocoa.macosx.x86_64_3.102.0.v20130605-1544.jar:na]
	at org.eclipse.swt.widgets.Widget.sendEvent(Widget.java:1489) ~[org.eclipse.swt.cocoa.macosx.x86_64_3.102.0.v20130605-1544.jar:na]
	at org.eclipse.swt.widgets.Widget.sendEvent(Widget.java:1474) ~[org.eclipse.swt.cocoa.macosx.x86_64_3.102.0.v20130605-1544.jar:na]
	at org.eclipse.swt.widgets.Widget.notifyListeners(Widget.java:1279) ~[org.eclipse.swt.cocoa.macosx.x86_64_3.102.0.v20130605-1544.jar:na]
	at org.eclipse.swt.widgets.Display.runDeferredEvents(Display.java:4012) ~[org.eclipse.swt.cocoa.macosx.x86_64_3.102.0.v20130605-1544.jar:na]
	at org.eclipse.swt.widgets.Display.readAndDispatch(Display.java:3651) ~[org.eclipse.swt.cocoa.macosx.x86_64_3.102.0.v20130605-1544.jar:na]
	at org.eclipse.e4.ui.internal.workbench.swt.PartRenderingEngine$9.run(PartRenderingEngine.java:1113) ~[na:na]
	at org.eclipse.core.databinding.observable.Realm.runWithDefault(Realm.java:332) ~[na:na]
	at org.eclipse.e4.ui.internal.workbench.swt.PartRenderingEngine.run(PartRenderingEngine.java:997) ~[na:na]
	at org.eclipse.e4.ui.internal.workbench.E4Workbench.createAndRunUI(E4Workbench.java:138) ~[na:na]
	at org.eclipse.ui.internal.Workbench$5.run(Workbench.java:610) ~[na:na]
	at org.eclipse.core.databinding.observable.Realm.runWithDefault(Realm.java:332) ~[na:na]
	at org.eclipse.ui.internal.Workbench.createAndRunWorkbench(Workbench.java:567) ~[na:na]
	at org.eclipse.ui.PlatformUI.createAndRunWorkbench(PlatformUI.java:150) ~[na:na]
	at org.eclipse.ui.internal.ide.application.IDEApplication.start(IDEApplication.java:124) ~[na:na]
	at org.eclipse.equinox.internal.app.EclipseAppHandle.run(EclipseAppHandle.java:196) ~[org.eclipse.equinox.app_1.3.100.v20130327-1442.jar:na]
	at org.eclipse.core.runtime.internal.adaptor.EclipseAppLauncher.runApplication(EclipseAppLauncher.java:110) ~[org.eclipse.osgi_3.9.0.v20130529-1710.jar:na]
	at org.eclipse.core.runtime.internal.adaptor.EclipseAppLauncher.start(EclipseAppLauncher.java:79) ~[org.eclipse.osgi_3.9.0.v20130529-1710.jar:na]
	at org.eclipse.core.runtime.adaptor.EclipseStarter.run(EclipseStarter.java:354) ~[org.eclipse.osgi_3.9.0.v20130529-1710.jar:na]
	at org.eclipse.core.runtime.adaptor.EclipseStarter.run(EclipseStarter.java:181) ~[org.eclipse.osgi_3.9.0.v20130529-1710.jar:na]
	at sun.reflect.NativeMethodAccessorImpl.invoke0(Native Method) ~[na:1.7.0_25]
	at sun.reflect.NativeMethodAccessorImpl.invoke(NativeMethodAccessorImpl.java:57) ~[na:1.7.0_25]
	at sun.reflect.DelegatingMethodAccessorImpl.invoke(DelegatingMethodAccessorImpl.java:43) ~[na:1.7.0_25]
	at java.lang.reflect.Method.invoke(Method.java:606) ~[na:1.7.0_25]
	at org.eclipse.equinox.launcher.Main.invokeFramework(Main.java:636) ~[org.eclipse.equinox.launcher_1.3.0.v20130327-1440.jar:na]
	at org.eclipse.equinox.launcher.Main.basicRun(Main.java:591) ~[org.eclipse.equinox.launcher_1.3.0.v20130327-1440.jar:na]
	at org.eclipse.equinox.launcher.Main.run(Main.java:1450) ~[org.eclipse.equinox.launcher_1.3.0.v20130327-1440.jar:na]
2014-08-27 15:25:10,507 [Worker-32] INFO  o.e.m.c.i.l.LifecycleMappingFactory - Using org.eclipse.m2e.jdt.JarLifecycleMapping lifecycle mapping for MavenProject: flickrApp:proof-of-concept:0.0.1-SNAPSHOT @ /Users/ufukujo/Workspaces/Eclipse/proof-of-concept/proof-of-concept/pom.xml.
2014-08-27 15:25:10,529 [Worker-32] INFO  o.e.m.c.i.embedder.EclipseLogger - Using 'UTF-8' encoding to copy filtered resources.
2014-08-27 15:25:10,529 [Worker-32] INFO  o.e.m.c.i.embedder.EclipseLogger - Copying 0 resource
2014-08-27 15:25:10,530 [Worker-32] INFO  o.e.m.c.i.embedder.EclipseLogger - Using 'UTF-8' encoding to copy filtered resources.
2014-08-27 15:25:10,530 [Worker-32] INFO  o.e.m.c.i.embedder.EclipseLogger - skip non existing resourceDirectory /Users/ufukujo/Workspaces/Eclipse/proof-of-concept/proof-of-concept/src/test/resources
2014-08-27 15:25:11,699 [Worker-30] INFO  o.e.m.c.i.embedder.EclipseLogger - Using 'UTF-8' encoding to copy filtered resources.
2014-08-27 15:25:11,702 [Worker-30] INFO  o.e.m.c.i.embedder.EclipseLogger - Copying 1 resource
2014-08-27 15:25:11,704 [Worker-30] INFO  o.e.m.c.i.embedder.EclipseLogger - Using 'UTF-8' encoding to copy filtered resources.
2014-08-27 15:25:11,704 [Worker-30] INFO  o.e.m.c.i.embedder.EclipseLogger - skip non existing resourceDirectory /Users/ufukujo/Workspaces/Eclipse/proof-of-concept/proof-of-concept/src/test/resources
2014-08-27 15:26:17,207 [Worker-35] INFO  o.e.m.c.i.l.LifecycleMappingFactory - Using org.eclipse.m2e.jdt.JarLifecycleMapping lifecycle mapping for MavenProject: flickrApp:proof-of-concept:0.0.1-SNAPSHOT @ /Users/ufukujo/Workspaces/Eclipse/proof-of-concept/proof-of-concept/pom.xml.
2014-08-27 15:26:17,254 [Worker-35] INFO  o.e.m.c.i.embedder.EclipseLogger - Using 'UTF-8' encoding to copy filtered resources.
2014-08-27 15:26:17,254 [Worker-35] INFO  o.e.m.c.i.embedder.EclipseLogger - Copying 1 resource
2014-08-27 15:26:17,256 [Worker-35] INFO  o.e.m.c.i.embedder.EclipseLogger - Using 'UTF-8' encoding to copy filtered resources.
2014-08-27 15:26:17,256 [Worker-35] INFO  o.e.m.c.i.embedder.EclipseLogger - skip non existing resourceDirectory /Users/ufukujo/Workspaces/Eclipse/proof-of-concept/proof-of-concept/src/test/resources
2014-08-27 15:30:35,396 [Worker-32] INFO  o.e.m.c.i.l.LifecycleMappingFactory - Using org.eclipse.m2e.jdt.JarLifecycleMapping lifecycle mapping for MavenProject: flickrApp:proof-of-concept:0.0.1-SNAPSHOT @ /Users/ufukujo/Workspaces/Eclipse/proof-of-concept/proof-of-concept/pom.xml.
2014-08-27 15:30:35,450 [Worker-32] INFO  o.e.m.c.i.embedder.EclipseLogger - Using 'UTF-8' encoding to copy filtered resources.
2014-08-27 15:30:35,451 [Worker-32] INFO  o.e.m.c.i.embedder.EclipseLogger - Copying 0 resource
2014-08-27 15:30:35,452 [Worker-32] INFO  o.e.m.c.i.embedder.EclipseLogger - Using 'UTF-8' encoding to copy filtered resources.
2014-08-27 15:30:35,452 [Worker-32] INFO  o.e.m.c.i.embedder.EclipseLogger - skip non existing resourceDirectory /Users/ufukujo/Workspaces/Eclipse/proof-of-concept/proof-of-concept/src/test/resources
2014-08-27 15:30:37,596 [Worker-36] INFO  o.e.m.c.i.embedder.EclipseLogger - Using 'UTF-8' encoding to copy filtered resources.
2014-08-27 15:30:37,597 [Worker-36] INFO  o.e.m.c.i.embedder.EclipseLogger - Copying 1 resource
2014-08-27 15:30:37,598 [Worker-36] INFO  o.e.m.c.i.embedder.EclipseLogger - Using 'UTF-8' encoding to copy filtered resources.
2014-08-27 15:30:37,598 [Worker-36] INFO  o.e.m.c.i.embedder.EclipseLogger - skip non existing resourceDirectory /Users/ufukujo/Workspaces/Eclipse/proof-of-concept/proof-of-concept/src/test/resources
2014-08-27 15:33:06,628 [main] INFO  o.e.m.c.i.l.LifecycleMappingFactory - Using org.eclipse.m2e.jdt.JarLifecycleMapping lifecycle mapping for MavenProject: flickrApp:proof-of-concept:0.0.1-SNAPSHOT @ /Users/ufukujo/Workspaces/Eclipse/proof-of-concept/proof-of-concept/pom.xml.
2014-08-27 15:34:24,861 [Start Help Server] INFO  org.eclipse.jetty.server.Server - jetty-8.1.10.v20130312
2014-08-27 15:34:24,891 [Start Help Server] INFO  o.e.jetty.server.AbstractConnector - Started SelectChannelConnector@127.0.0.1:51211
2014-08-27 15:34:47,740 [Worker-34] INFO  o.e.m.c.i.embedder.EclipseLogger - Using 'UTF-8' encoding to copy filtered resources.
2014-08-27 15:34:47,740 [Worker-34] INFO  o.e.m.c.i.embedder.EclipseLogger - Copying 1 resource
2014-08-27 15:34:47,742 [Worker-34] INFO  o.e.m.c.i.embedder.EclipseLogger - Using 'UTF-8' encoding to copy filtered resources.
2014-08-27 15:34:47,742 [Worker-34] INFO  o.e.m.c.i.embedder.EclipseLogger - skip non existing resourceDirectory /Users/ufukujo/Workspaces/Eclipse/proof-of-concept/proof-of-concept/src/test/resources
2014-08-27 15:36:03,712 [Worker-35] INFO  o.e.m.c.i.l.LifecycleMappingFactory - Using org.eclipse.m2e.jdt.JarLifecycleMapping lifecycle mapping for MavenProject: flickrApp:proof-of-concept:0.0.1-SNAPSHOT @ /Users/ufukujo/Workspaces/Eclipse/proof-of-concept/proof-of-concept/pom.xml.
2014-08-27 15:47:31,183 [Worker-17] INFO  o.e.m.c.i.l.LifecycleMappingFactory - Using org.eclipse.m2e.jdt.JarLifecycleMapping lifecycle mapping for MavenProject: flickrApp:proof-of-concept:0.0.1-SNAPSHOT @ /Users/ufukujo/Workspaces/Eclipse/proof-of-concept/proof-of-concept/pom.xml.
2014-08-27 15:47:52,955 [Worker-32] INFO  o.e.m.c.i.embedder.EclipseLogger - Using 'UTF-8' encoding to copy filtered resources.
2014-08-27 15:47:52,956 [Worker-32] INFO  o.e.m.c.i.embedder.EclipseLogger - Copying 1 resource
2014-08-27 15:47:52,957 [Worker-32] INFO  o.e.m.c.i.embedder.EclipseLogger - Using 'UTF-8' encoding to copy filtered resources.
2014-08-27 15:47:52,957 [Worker-32] INFO  o.e.m.c.i.embedder.EclipseLogger - skip non existing resourceDirectory /Users/ufukujo/Workspaces/Eclipse/proof-of-concept/proof-of-concept/src/test/resources
2014-08-27 15:49:53,386 [Worker-17] INFO  o.e.m.c.i.embedder.EclipseLogger - Using 'UTF-8' encoding to copy filtered resources.
2014-08-27 15:49:53,386 [Worker-17] INFO  o.e.m.c.i.embedder.EclipseLogger - Copying 1 resource
2014-08-27 15:49:53,387 [Worker-17] INFO  o.e.m.c.i.embedder.EclipseLogger - Using 'UTF-8' encoding to copy filtered resources.
2014-08-27 15:49:53,387 [Worker-17] INFO  o.e.m.c.i.embedder.EclipseLogger - skip non existing resourceDirectory /Users/ufukujo/Workspaces/Eclipse/proof-of-concept/proof-of-concept/src/test/resources
2014-08-27 15:50:27,195 [Worker-41] INFO  o.e.m.c.i.embedder.EclipseLogger - Using 'UTF-8' encoding to copy filtered resources.
2014-08-27 15:50:27,195 [Worker-41] INFO  o.e.m.c.i.embedder.EclipseLogger - Copying 1 resource
2014-08-27 15:50:27,196 [Worker-41] INFO  o.e.m.c.i.embedder.EclipseLogger - Using 'UTF-8' encoding to copy filtered resources.
2014-08-27 15:50:27,196 [Worker-41] INFO  o.e.m.c.i.embedder.EclipseLogger - skip non existing resourceDirectory /Users/ufukujo/Workspaces/Eclipse/proof-of-concept/proof-of-concept/src/test/resources
2014-08-27 15:51:11,182 [Worker-32] INFO  o.e.m.c.i.embedder.EclipseLogger - Using 'UTF-8' encoding to copy filtered resources.
2014-08-27 15:51:11,182 [Worker-32] INFO  o.e.m.c.i.embedder.EclipseLogger - Copying 1 resource
2014-08-27 15:51:11,183 [Worker-32] INFO  o.e.m.c.i.embedder.EclipseLogger - Using 'UTF-8' encoding to copy filtered resources.
2014-08-27 15:51:11,183 [Worker-32] INFO  o.e.m.c.i.embedder.EclipseLogger - skip non existing resourceDirectory /Users/ufukujo/Workspaces/Eclipse/proof-of-concept/proof-of-concept/src/test/resources
2014-08-27 15:52:52,811 [Worker-40] INFO  o.e.m.c.i.l.LifecycleMappingFactory - Using org.eclipse.m2e.jdt.JarLifecycleMapping lifecycle mapping for MavenProject: flickrApp:proof-of-concept:0.0.1-SNAPSHOT @ /Users/ufukujo/Workspaces/Eclipse/proof-of-concept/proof-of-concept/pom.xml.
2014-08-27 15:53:10,151 [Worker-32] INFO  o.e.m.c.i.l.LifecycleMappingFactory - Using org.eclipse.m2e.jdt.JarLifecycleMapping lifecycle mapping for MavenProject: flickrApp:proof-of-concept:0.0.1-SNAPSHOT @ /Users/ufukujo/Workspaces/Eclipse/proof-of-concept/proof-of-concept/pom.xml.
2014-08-27 16:14:47,159 [Worker-46] INFO  o.e.m.c.i.l.LifecycleMappingFactory - Using org.eclipse.m2e.jdt.JarLifecycleMapping lifecycle mapping for MavenProject: com.flickr4java:flickr4java:2.7-SNAPSHOT @ /Users/ufukujo/Workspaces/Eclipse/proof-of-concept/Flickr4Java/pom.xml.
2014-08-27 16:14:47,188 [Worker-46] INFO  o.e.m.c.i.l.LifecycleMappingFactory - Using org.eclipse.m2e.jdt.JarLifecycleMapping lifecycle mapping for MavenProject: flickrApp:proof-of-concept:0.0.1-SNAPSHOT @ /Users/ufukujo/Workspaces/Eclipse/proof-of-concept/proof-of-concept/pom.xml.
2014-08-27 16:14:48,304 [Worker-48] INFO  c.n.h.c.p.n.NettyAsyncHttpProvider - Number of application's worked threads is 16
2014-08-27 16:14:48,524 [New I/O client worker #1-1] INFO  o.e.m.c.i.e.AbstractTransferListenerAdapter - Downloading http://repo.maven.apache.org/maven2/junit/junit/4.11/junit-4.11-sources.jar
2014-08-27 16:14:48,698 [New I/O client worker #1-1] INFO  o.e.m.c.i.e.AbstractTransferListenerAdapter - Downloaded http://repo.maven.apache.org/maven2/junit/junit/4.11/junit-4.11-sources.jar
2014-08-27 16:14:48,776 [Worker-48] INFO  o.e.m.j.internal.DownloadSourcesJob - Downloaded sources for junit:junit:4.11
2014-08-27 16:14:48,777 [Worker-48] INFO  c.n.h.c.p.n.NettyAsyncHttpProvider - Number of application's worked threads is 16
2014-08-27 16:14:48,862 [New I/O client worker #2-1] INFO  o.e.m.c.i.e.AbstractTransferListenerAdapter - Downloading http://repo.maven.apache.org/maven2/junit/junit/4.11/junit-4.11-javadoc.jar
2014-08-27 16:14:49,178 [New I/O client worker #2-1] INFO  o.e.m.c.i.e.AbstractTransferListenerAdapter - Downloaded http://repo.maven.apache.org/maven2/junit/junit/4.11/junit-4.11-javadoc.jar
2014-08-27 16:14:49,271 [Worker-48] INFO  o.e.m.j.internal.DownloadSourcesJob - Downloaded javadoc for junit:junit:4.11
2014-08-27 16:14:49,273 [Worker-48] INFO  c.n.h.c.p.n.NettyAsyncHttpProvider - Number of application's worked threads is 16
2014-08-27 16:14:49,346 [New I/O client worker #3-1] INFO  o.e.m.c.i.e.AbstractTransferListenerAdapter - Downloading http://repo.maven.apache.org/maven2/org/hamcrest/hamcrest-core/1.3/hamcrest-core-1.3-sources.jar
2014-08-27 16:14:49,382 [New I/O client worker #3-1] INFO  o.e.m.c.i.e.AbstractTransferListenerAdapter - Downloaded http://repo.maven.apache.org/maven2/org/hamcrest/hamcrest-core/1.3/hamcrest-core-1.3-sources.jar
2014-08-27 16:14:49,431 [Worker-48] INFO  o.e.m.j.internal.DownloadSourcesJob - Downloaded sources for org.hamcrest:hamcrest-core:1.3
2014-08-27 16:14:49,433 [Worker-48] INFO  c.n.h.c.p.n.NettyAsyncHttpProvider - Number of application's worked threads is 16
2014-08-27 16:14:49,513 [New I/O client worker #4-1] INFO  o.e.m.c.i.e.AbstractTransferListenerAdapter - Downloading http://repo.maven.apache.org/maven2/org/hamcrest/hamcrest-core/1.3/hamcrest-core-1.3-javadoc.jar
2014-08-27 16:14:49,753 [New I/O client worker #4-1] INFO  o.e.m.c.i.e.AbstractTransferListenerAdapter - Downloaded http://repo.maven.apache.org/maven2/org/hamcrest/hamcrest-core/1.3/hamcrest-core-1.3-javadoc.jar
2014-08-27 16:14:50,032 [Worker-48] INFO  o.e.m.j.internal.DownloadSourcesJob - Downloaded javadoc for org.hamcrest:hamcrest-core:1.3
2014-08-27 16:15:52,940 [Worker-46] INFO  o.e.m.c.i.l.LifecycleMappingFactory - Using org.eclipse.m2e.jdt.JarLifecycleMapping lifecycle mapping for MavenProject: flickrApp:proof-of-concept:0.0.1-SNAPSHOT @ /Users/ufukujo/Workspaces/Eclipse/proof-of-concept/proof-of-concept/pom.xml.
2014-08-27 16:16:17,736 [Worker-47] INFO  o.e.m.c.i.l.LifecycleMappingFactory - Using org.eclipse.m2e.jdt.JarLifecycleMapping lifecycle mapping for MavenProject: flickrApp:proof-of-concept:0.0.1-SNAPSHOT @ /Users/ufukujo/Workspaces/Eclipse/proof-of-concept/proof-of-concept/pom.xml.
2014-08-27 16:17:05,636 [Worker-48] INFO  o.e.m.c.i.l.LifecycleMappingFactory - Using org.eclipse.m2e.jdt.JarLifecycleMapping lifecycle mapping for MavenProject: com.flickr4java:flickr4java:2.7-SNAPSHOT @ /Users/ufukujo/Workspaces/Eclipse/Flickr4Java/Flickr4Java/pom.xml.
2014-08-27 16:17:05,655 [Worker-48] INFO  o.e.m.c.i.l.LifecycleMappingFactory - Using org.eclipse.m2e.jdt.JarLifecycleMapping lifecycle mapping for MavenProject: flickrApp:proof-of-concept:0.0.1-SNAPSHOT @ /Users/ufukujo/Workspaces/Eclipse/proof-of-concept/proof-of-concept/pom.xml.
2014-08-27 16:22:04,313 [Worker-46] INFO  o.e.m.i.launch.MavenLaunchDelegate - /Users/ufukujo/Workspaces/Eclipse/Flickr4Java/Flickr4Java
2014-08-27 16:22:04,314 [Worker-46] INFO  o.e.m.i.launch.MavenLaunchDelegate -  mvn  -B -s /Users/ufukujo/.m2/settings.xml package
2014-08-27 16:35:19,503 [Worker-52] WARN  o.e.m.c.i.embedder.EclipseLogger - File encoding has not been set, using platform encoding US-ASCII, i.e. build is platform dependent!
2014-08-27 16:35:19,504 [Worker-52] WARN  o.e.m.c.i.embedder.EclipseLogger - Using platform encoding (US-ASCII actually) to copy filtered resources, i.e. build is platform dependent!
2014-08-27 16:35:19,504 [Worker-52] INFO  o.e.m.c.i.embedder.EclipseLogger - Copying 1 resource
2014-08-27 16:35:19,505 [Worker-52] INFO  o.e.m.c.i.embedder.EclipseLogger - Copying 1 resource
2014-08-27 16:35:19,520 [Worker-52] WARN  o.e.m.c.i.embedder.EclipseLogger - Using platform encoding (US-ASCII actually) to copy filtered resources, i.e. build is platform dependent!
2014-08-27 16:35:19,521 [Worker-52] INFO  o.e.m.c.i.embedder.EclipseLogger - Copying 2 resources
2014-08-27 16:37:59,423 [Worker-55] INFO  o.e.m.c.i.embedder.EclipseLogger - Using 'UTF-8' encoding to copy filtered resources.
2014-08-27 16:37:59,423 [Worker-55] INFO  o.e.m.c.i.embedder.EclipseLogger - Copying 1 resource
2014-08-27 16:37:59,425 [Worker-55] INFO  o.e.m.c.i.embedder.EclipseLogger - Using 'UTF-8' encoding to copy filtered resources.
2014-08-27 16:37:59,425 [Worker-55] INFO  o.e.m.c.i.embedder.EclipseLogger - skip non existing resourceDirectory /Users/ufukujo/Workspaces/Eclipse/proof-of-concept/proof-of-concept/src/test/resources
2014-08-27 16:40:04,814 [Worker-55] ERROR o.e.m.j.i.l.MavenLaunchConfigurationListener - Launch configuration App references closed project proof-of-concept
org.eclipse.core.runtime.CoreException: Launch configuration App references closed project proof-of-concept
	at org.eclipse.jdt.launching.JavaRuntime.abort(JavaRuntime.java:1403) ~[org.eclipse.jdt.launching_3.7.0.v20130515-1451.jar:na]
	at org.eclipse.jdt.launching.JavaRuntime.getJavaProject(JavaRuntime.java:1275) ~[org.eclipse.jdt.launching_3.7.0.v20130515-1451.jar:na]
	at org.eclipse.m2e.jdt.internal.launch.MavenLaunchConfigurationListener.updateLaunchConfiguration(MavenLaunchConfigurationListener.java:53) [org.eclipse.m2e.jdt_1.4.0.20130601-0317.jar:na]
	at org.eclipse.m2e.jdt.internal.launch.MavenLaunchConfigurationListener.launchConfigurationChanged(MavenLaunchConfigurationListener.java:38) [org.eclipse.m2e.jdt_1.4.0.20130601-0317.jar:na]
	at org.eclipse.debug.internal.core.LaunchManager$ConfigurationNotifier.run(LaunchManager.java:228) ~[org.eclipse.debug.core_3.8.0.v20130514-0954.jar:na]
	at org.eclipse.core.runtime.SafeRunner.run(SafeRunner.java:42) ~[org.eclipse.equinox.common_3.6.200.v20130402-1505.jar:na]
	at org.eclipse.debug.internal.core.LaunchManager$ConfigurationNotifier.notify(LaunchManager.java:209) ~[org.eclipse.debug.core_3.8.0.v20130514-0954.jar:na]
	at org.eclipse.debug.internal.core.LaunchConfigurationWorkingCopy.setDirty(LaunchConfigurationWorkingCopy.java:538) ~[org.eclipse.debug.core_3.8.0.v20130514-0954.jar:na]
	at org.eclipse.debug.internal.core.LaunchConfigurationWorkingCopy.setAttribute(LaunchConfigurationWorkingCopy.java:419) ~[org.eclipse.debug.core_3.8.0.v20130514-0954.jar:na]
	at org.eclipse.m2e.jdt.internal.launch.MavenRuntimeClasspathProvider.disable(MavenRuntimeClasspathProvider.java:297) ~[org.eclipse.m2e.jdt_1.4.0.20130601-0317.jar:na]
	at org.eclipse.m2e.jdt.internal.launch.MavenRuntimeClasspathProvider.disable(MavenRuntimeClasspathProvider.java:323) ~[org.eclipse.m2e.jdt_1.4.0.20130601-0317.jar:na]
	at org.eclipse.m2e.jdt.internal.launch.MavenLaunchConfigurationListener.mavenProjectChanged(MavenLaunchConfigurationListener.java:70) [org.eclipse.m2e.jdt_1.4.0.20130601-0317.jar:na]
	at org.eclipse.m2e.core.internal.project.registry.ProjectRegistryManager.notifyProjectChangeListeners(ProjectRegistryManager.java:746) ~[org.eclipse.m2e.core_1.4.0.20130601-0317.jar:na]
	at org.eclipse.m2e.core.internal.project.registry.ProjectRegistryManager.applyMutableProjectRegistry(ProjectRegistryManager.java:865) ~[org.eclipse.m2e.core_1.4.0.20130601-0317.jar:na]
	at org.eclipse.m2e.core.internal.project.registry.ProjectRegistryRefreshJob.run(ProjectRegistryRefreshJob.java:101) ~[org.eclipse.m2e.core_1.4.0.20130601-0317.jar:na]
	at org.eclipse.core.internal.jobs.Worker.run(Worker.java:53) ~[org.eclipse.core.jobs_3.5.300.v20130429-1813.jar:na]
2014-08-27 16:40:04,815 [Worker-55] ERROR o.e.m.j.i.l.MavenLaunchConfigurationListener - Launch configuration App references closed project proof-of-concept
org.eclipse.core.runtime.CoreException: Launch configuration App references closed project proof-of-concept
	at org.eclipse.jdt.launching.JavaRuntime.abort(JavaRuntime.java:1403) ~[org.eclipse.jdt.launching_3.7.0.v20130515-1451.jar:na]
	at org.eclipse.jdt.launching.JavaRuntime.getJavaProject(JavaRuntime.java:1275) ~[org.eclipse.jdt.launching_3.7.0.v20130515-1451.jar:na]
	at org.eclipse.m2e.jdt.internal.launch.MavenLaunchConfigurationListener.updateLaunchConfiguration(MavenLaunchConfigurationListener.java:53) [org.eclipse.m2e.jdt_1.4.0.20130601-0317.jar:na]
	at org.eclipse.m2e.jdt.internal.launch.MavenLaunchConfigurationListener.launchConfigurationChanged(MavenLaunchConfigurationListener.java:38) [org.eclipse.m2e.jdt_1.4.0.20130601-0317.jar:na]
	at org.eclipse.debug.internal.core.LaunchManager$ConfigurationNotifier.run(LaunchManager.java:228) ~[org.eclipse.debug.core_3.8.0.v20130514-0954.jar:na]
	at org.eclipse.core.runtime.SafeRunner.run(SafeRunner.java:42) ~[org.eclipse.equinox.common_3.6.200.v20130402-1505.jar:na]
	at org.eclipse.debug.internal.core.LaunchManager$ConfigurationNotifier.notify(LaunchManager.java:209) ~[org.eclipse.debug.core_3.8.0.v20130514-0954.jar:na]
	at org.eclipse.debug.internal.core.LaunchConfigurationWorkingCopy.setDirty(LaunchConfigurationWorkingCopy.java:538) ~[org.eclipse.debug.core_3.8.0.v20130514-0954.jar:na]
	at org.eclipse.debug.internal.core.LaunchConfigurationWorkingCopy.setAttribute(LaunchConfigurationWorkingCopy.java:419) ~[org.eclipse.debug.core_3.8.0.v20130514-0954.jar:na]
	at org.eclipse.m2e.jdt.internal.launch.MavenRuntimeClasspathProvider.disable(MavenRuntimeClasspathProvider.java:298) ~[org.eclipse.m2e.jdt_1.4.0.20130601-0317.jar:na]
	at org.eclipse.m2e.jdt.internal.launch.MavenRuntimeClasspathProvider.disable(MavenRuntimeClasspathProvider.java:323) ~[org.eclipse.m2e.jdt_1.4.0.20130601-0317.jar:na]
	at org.eclipse.m2e.jdt.internal.launch.MavenLaunchConfigurationListener.mavenProjectChanged(MavenLaunchConfigurationListener.java:70) [org.eclipse.m2e.jdt_1.4.0.20130601-0317.jar:na]
	at org.eclipse.m2e.core.internal.project.registry.ProjectRegistryManager.notifyProjectChangeListeners(ProjectRegistryManager.java:746) ~[org.eclipse.m2e.core_1.4.0.20130601-0317.jar:na]
	at org.eclipse.m2e.core.internal.project.registry.ProjectRegistryManager.applyMutableProjectRegistry(ProjectRegistryManager.java:865) ~[org.eclipse.m2e.core_1.4.0.20130601-0317.jar:na]
	at org.eclipse.m2e.core.internal.project.registry.ProjectRegistryRefreshJob.run(ProjectRegistryRefreshJob.java:101) ~[org.eclipse.m2e.core_1.4.0.20130601-0317.jar:na]
	at org.eclipse.core.internal.jobs.Worker.run(Worker.java:53) ~[org.eclipse.core.jobs_3.5.300.v20130429-1813.jar:na]
2014-08-27 16:40:04,817 [Worker-55] ERROR o.e.m.j.i.l.MavenLaunchConfigurationListener - Launch configuration App references closed project proof-of-concept
org.eclipse.core.runtime.CoreException: Launch configuration App references closed project proof-of-concept
	at org.eclipse.jdt.launching.JavaRuntime.abort(JavaRuntime.java:1403) ~[org.eclipse.jdt.launching_3.7.0.v20130515-1451.jar:na]
	at org.eclipse.jdt.launching.JavaRuntime.getJavaProject(JavaRuntime.java:1275) ~[org.eclipse.jdt.launching_3.7.0.v20130515-1451.jar:na]
	at org.eclipse.m2e.jdt.internal.launch.MavenLaunchConfigurationListener.updateLaunchConfiguration(MavenLaunchConfigurationListener.java:53) [org.eclipse.m2e.jdt_1.4.0.20130601-0317.jar:na]
	at org.eclipse.m2e.jdt.internal.launch.MavenLaunchConfigurationListener.launchConfigurationChanged(MavenLaunchConfigurationListener.java:38) [org.eclipse.m2e.jdt_1.4.0.20130601-0317.jar:na]
	at org.eclipse.debug.internal.core.LaunchManager$ConfigurationNotifier.run(LaunchManager.java:228) ~[org.eclipse.debug.core_3.8.0.v20130514-0954.jar:na]
	at org.eclipse.core.runtime.SafeRunner.run(SafeRunner.java:42) ~[org.eclipse.equinox.common_3.6.200.v20130402-1505.jar:na]
	at org.eclipse.debug.internal.core.LaunchManager$ConfigurationNotifier.notify(LaunchManager.java:209) ~[org.eclipse.debug.core_3.8.0.v20130514-0954.jar:na]
	at org.eclipse.debug.internal.core.LaunchManager.launchConfigurationChanged(LaunchManager.java:2141) ~[org.eclipse.debug.core_3.8.0.v20130514-0954.jar:na]
	at org.eclipse.debug.internal.core.LaunchConfigurationWorkingCopy.writeNewFile(LaunchConfigurationWorkingCopy.java:380) ~[org.eclipse.debug.core_3.8.0.v20130514-0954.jar:na]
	at org.eclipse.debug.internal.core.LaunchConfigurationWorkingCopy.doSave0(LaunchConfigurationWorkingCopy.java:246) ~[org.eclipse.debug.core_3.8.0.v20130514-0954.jar:na]
	at org.eclipse.debug.internal.core.LaunchConfigurationWorkingCopy.doSave(LaunchConfigurationWorkingCopy.java:216) ~[org.eclipse.debug.core_3.8.0.v20130514-0954.jar:na]
	at org.eclipse.debug.internal.core.LaunchConfigurationWorkingCopy.doSave(LaunchConfigurationWorkingCopy.java:170) ~[org.eclipse.debug.core_3.8.0.v20130514-0954.jar:na]
	at org.eclipse.m2e.jdt.internal.launch.MavenRuntimeClasspathProvider.disable(MavenRuntimeClasspathProvider.java:299) ~[org.eclipse.m2e.jdt_1.4.0.20130601-0317.jar:na]
	at org.eclipse.m2e.jdt.internal.launch.MavenRuntimeClasspathProvider.disable(MavenRuntimeClasspathProvider.java:323) ~[org.eclipse.m2e.jdt_1.4.0.20130601-0317.jar:na]
	at org.eclipse.m2e.jdt.internal.launch.MavenLaunchConfigurationListener.mavenProjectChanged(MavenLaunchConfigurationListener.java:70) [org.eclipse.m2e.jdt_1.4.0.20130601-0317.jar:na]
	at org.eclipse.m2e.core.internal.project.registry.ProjectRegistryManager.notifyProjectChangeListeners(ProjectRegistryManager.java:746) ~[org.eclipse.m2e.core_1.4.0.20130601-0317.jar:na]
	at org.eclipse.m2e.core.internal.project.registry.ProjectRegistryManager.applyMutableProjectRegistry(ProjectRegistryManager.java:865) ~[org.eclipse.m2e.core_1.4.0.20130601-0317.jar:na]
	at org.eclipse.m2e.core.internal.project.registry.ProjectRegistryRefreshJob.run(ProjectRegistryRefreshJob.java:101) ~[org.eclipse.m2e.core_1.4.0.20130601-0317.jar:na]
	at org.eclipse.core.internal.jobs.Worker.run(Worker.java:53) ~[org.eclipse.core.jobs_3.5.300.v20130429-1813.jar:na]
2014-08-27 16:40:04,818 [Worker-55] ERROR o.e.m.j.i.l.MavenLaunchConfigurationListener - Launch configuration AuthExample references closed project proof-of-concept
org.eclipse.core.runtime.CoreException: Launch configuration AuthExample references closed project proof-of-concept
	at org.eclipse.jdt.launching.JavaRuntime.abort(JavaRuntime.java:1403) ~[org.eclipse.jdt.launching_3.7.0.v20130515-1451.jar:na]
	at org.eclipse.jdt.launching.JavaRuntime.getJavaProject(JavaRuntime.java:1275) ~[org.eclipse.jdt.launching_3.7.0.v20130515-1451.jar:na]
	at org.eclipse.m2e.jdt.internal.launch.MavenLaunchConfigurationListener.updateLaunchConfiguration(MavenLaunchConfigurationListener.java:53) [org.eclipse.m2e.jdt_1.4.0.20130601-0317.jar:na]
	at org.eclipse.m2e.jdt.internal.launch.MavenLaunchConfigurationListener.launchConfigurationChanged(MavenLaunchConfigurationListener.java:38) [org.eclipse.m2e.jdt_1.4.0.20130601-0317.jar:na]
	at org.eclipse.debug.internal.core.LaunchManager$ConfigurationNotifier.run(LaunchManager.java:228) ~[org.eclipse.debug.core_3.8.0.v20130514-0954.jar:na]
	at org.eclipse.core.runtime.SafeRunner.run(SafeRunner.java:42) ~[org.eclipse.equinox.common_3.6.200.v20130402-1505.jar:na]
	at org.eclipse.debug.internal.core.LaunchManager$ConfigurationNotifier.notify(LaunchManager.java:209) ~[org.eclipse.debug.core_3.8.0.v20130514-0954.jar:na]
	at org.eclipse.debug.internal.core.LaunchConfigurationWorkingCopy.setDirty(LaunchConfigurationWorkingCopy.java:538) ~[org.eclipse.debug.core_3.8.0.v20130514-0954.jar:na]
	at org.eclipse.debug.internal.core.LaunchConfigurationWorkingCopy.setAttribute(LaunchConfigurationWorkingCopy.java:419) ~[org.eclipse.debug.core_3.8.0.v20130514-0954.jar:na]
	at org.eclipse.m2e.jdt.internal.launch.MavenRuntimeClasspathProvider.disable(MavenRuntimeClasspathProvider.java:297) ~[org.eclipse.m2e.jdt_1.4.0.20130601-0317.jar:na]
	at org.eclipse.m2e.jdt.internal.launch.MavenRuntimeClasspathProvider.disable(MavenRuntimeClasspathProvider.java:323) ~[org.eclipse.m2e.jdt_1.4.0.20130601-0317.jar:na]
	at org.eclipse.m2e.jdt.internal.launch.MavenLaunchConfigurationListener.mavenProjectChanged(MavenLaunchConfigurationListener.java:70) [org.eclipse.m2e.jdt_1.4.0.20130601-0317.jar:na]
	at org.eclipse.m2e.core.internal.project.registry.ProjectRegistryManager.notifyProjectChangeListeners(ProjectRegistryManager.java:746) ~[org.eclipse.m2e.core_1.4.0.20130601-0317.jar:na]
	at org.eclipse.m2e.core.internal.project.registry.ProjectRegistryManager.applyMutableProjectRegistry(ProjectRegistryManager.java:865) ~[org.eclipse.m2e.core_1.4.0.20130601-0317.jar:na]
	at org.eclipse.m2e.core.internal.project.registry.ProjectRegistryRefreshJob.run(ProjectRegistryRefreshJob.java:101) ~[org.eclipse.m2e.core_1.4.0.20130601-0317.jar:na]
	at org.eclipse.core.internal.jobs.Worker.run(Worker.java:53) ~[org.eclipse.core.jobs_3.5.300.v20130429-1813.jar:na]
2014-08-27 16:40:04,819 [Worker-55] ERROR o.e.m.j.i.l.MavenLaunchConfigurationListener - Launch configuration AuthExample references closed project proof-of-concept
org.eclipse.core.runtime.CoreException: Launch configuration AuthExample references closed project proof-of-concept
	at org.eclipse.jdt.launching.JavaRuntime.abort(JavaRuntime.java:1403) ~[org.eclipse.jdt.launching_3.7.0.v20130515-1451.jar:na]
	at org.eclipse.jdt.launching.JavaRuntime.getJavaProject(JavaRuntime.java:1275) ~[org.eclipse.jdt.launching_3.7.0.v20130515-1451.jar:na]
	at org.eclipse.m2e.jdt.internal.launch.MavenLaunchConfigurationListener.updateLaunchConfiguration(MavenLaunchConfigurationListener.java:53) [org.eclipse.m2e.jdt_1.4.0.20130601-0317.jar:na]
	at org.eclipse.m2e.jdt.internal.launch.MavenLaunchConfigurationListener.launchConfigurationChanged(MavenLaunchConfigurationListener.java:38) [org.eclipse.m2e.jdt_1.4.0.20130601-0317.jar:na]
	at org.eclipse.debug.internal.core.LaunchManager$ConfigurationNotifier.run(LaunchManager.java:228) ~[org.eclipse.debug.core_3.8.0.v20130514-0954.jar:na]
	at org.eclipse.core.runtime.SafeRunner.run(SafeRunner.java:42) ~[org.eclipse.equinox.common_3.6.200.v20130402-1505.jar:na]
	at org.eclipse.debug.internal.core.LaunchManager$ConfigurationNotifier.notify(LaunchManager.java:209) ~[org.eclipse.debug.core_3.8.0.v20130514-0954.jar:na]
	at org.eclipse.debug.internal.core.LaunchConfigurationWorkingCopy.setDirty(LaunchConfigurationWorkingCopy.java:538) ~[org.eclipse.debug.core_3.8.0.v20130514-0954.jar:na]
	at org.eclipse.debug.internal.core.LaunchConfigurationWorkingCopy.setAttribute(LaunchConfigurationWorkingCopy.java:419) ~[org.eclipse.debug.core_3.8.0.v20130514-0954.jar:na]
	at org.eclipse.m2e.jdt.internal.launch.MavenRuntimeClasspathProvider.disable(MavenRuntimeClasspathProvider.java:298) ~[org.eclipse.m2e.jdt_1.4.0.20130601-0317.jar:na]
	at org.eclipse.m2e.jdt.internal.launch.MavenRuntimeClasspathProvider.disable(MavenRuntimeClasspathProvider.java:323) ~[org.eclipse.m2e.jdt_1.4.0.20130601-0317.jar:na]
	at org.eclipse.m2e.jdt.internal.launch.MavenLaunchConfigurationListener.mavenProjectChanged(MavenLaunchConfigurationListener.java:70) [org.eclipse.m2e.jdt_1.4.0.20130601-0317.jar:na]
	at org.eclipse.m2e.core.internal.project.registry.ProjectRegistryManager.notifyProjectChangeListeners(ProjectRegistryManager.java:746) ~[org.eclipse.m2e.core_1.4.0.20130601-0317.jar:na]
	at org.eclipse.m2e.core.internal.project.registry.ProjectRegistryManager.applyMutableProjectRegistry(ProjectRegistryManager.java:865) ~[org.eclipse.m2e.core_1.4.0.20130601-0317.jar:na]
	at org.eclipse.m2e.core.internal.project.registry.ProjectRegistryRefreshJob.run(ProjectRegistryRefreshJob.java:101) ~[org.eclipse.m2e.core_1.4.0.20130601-0317.jar:na]
	at org.eclipse.core.internal.jobs.Worker.run(Worker.java:53) ~[org.eclipse.core.jobs_3.5.300.v20130429-1813.jar:na]
2014-08-27 16:40:04,821 [Worker-55] ERROR o.e.m.j.i.l.MavenLaunchConfigurationListener - Launch configuration AuthExample references closed project proof-of-concept
org.eclipse.core.runtime.CoreException: Launch configuration AuthExample references closed project proof-of-concept
	at org.eclipse.jdt.launching.JavaRuntime.abort(JavaRuntime.java:1403) ~[org.eclipse.jdt.launching_3.7.0.v20130515-1451.jar:na]
	at org.eclipse.jdt.launching.JavaRuntime.getJavaProject(JavaRuntime.java:1275) ~[org.eclipse.jdt.launching_3.7.0.v20130515-1451.jar:na]
	at org.eclipse.m2e.jdt.internal.launch.MavenLaunchConfigurationListener.updateLaunchConfiguration(MavenLaunchConfigurationListener.java:53) [org.eclipse.m2e.jdt_1.4.0.20130601-0317.jar:na]
	at org.eclipse.m2e.jdt.internal.launch.MavenLaunchConfigurationListener.launchConfigurationChanged(MavenLaunchConfigurationListener.java:38) [org.eclipse.m2e.jdt_1.4.0.20130601-0317.jar:na]
	at org.eclipse.debug.internal.core.LaunchManager$ConfigurationNotifier.run(LaunchManager.java:228) ~[org.eclipse.debug.core_3.8.0.v20130514-0954.jar:na]
	at org.eclipse.core.runtime.SafeRunner.run(SafeRunner.java:42) ~[org.eclipse.equinox.common_3.6.200.v20130402-1505.jar:na]
	at org.eclipse.debug.internal.core.LaunchManager$ConfigurationNotifier.notify(LaunchManager.java:209) ~[org.eclipse.debug.core_3.8.0.v20130514-0954.jar:na]
	at org.eclipse.debug.internal.core.LaunchManager.launchConfigurationChanged(LaunchManager.java:2141) ~[org.eclipse.debug.core_3.8.0.v20130514-0954.jar:na]
	at org.eclipse.debug.internal.core.LaunchConfigurationWorkingCopy.writeNewFile(LaunchConfigurationWorkingCopy.java:380) ~[org.eclipse.debug.core_3.8.0.v20130514-0954.jar:na]
	at org.eclipse.debug.internal.core.LaunchConfigurationWorkingCopy.doSave0(LaunchConfigurationWorkingCopy.java:246) ~[org.eclipse.debug.core_3.8.0.v20130514-0954.jar:na]
	at org.eclipse.debug.internal.core.LaunchConfigurationWorkingCopy.doSave(LaunchConfigurationWorkingCopy.java:216) ~[org.eclipse.debug.core_3.8.0.v20130514-0954.jar:na]
	at org.eclipse.debug.internal.core.LaunchConfigurationWorkingCopy.doSave(LaunchConfigurationWorkingCopy.java:170) ~[org.eclipse.debug.core_3.8.0.v20130514-0954.jar:na]
	at org.eclipse.m2e.jdt.internal.launch.MavenRuntimeClasspathProvider.disable(MavenRuntimeClasspathProvider.java:299) ~[org.eclipse.m2e.jdt_1.4.0.20130601-0317.jar:na]
	at org.eclipse.m2e.jdt.internal.launch.MavenRuntimeClasspathProvider.disable(MavenRuntimeClasspathProvider.java:323) ~[org.eclipse.m2e.jdt_1.4.0.20130601-0317.jar:na]
	at org.eclipse.m2e.jdt.internal.launch.MavenLaunchConfigurationListener.mavenProjectChanged(MavenLaunchConfigurationListener.java:70) [org.eclipse.m2e.jdt_1.4.0.20130601-0317.jar:na]
	at org.eclipse.m2e.core.internal.project.registry.ProjectRegistryManager.notifyProjectChangeListeners(ProjectRegistryManager.java:746) ~[org.eclipse.m2e.core_1.4.0.20130601-0317.jar:na]
	at org.eclipse.m2e.core.internal.project.registry.ProjectRegistryManager.applyMutableProjectRegistry(ProjectRegistryManager.java:865) ~[org.eclipse.m2e.core_1.4.0.20130601-0317.jar:na]
	at org.eclipse.m2e.core.internal.project.registry.ProjectRegistryRefreshJob.run(ProjectRegistryRefreshJob.java:101) ~[org.eclipse.m2e.core_1.4.0.20130601-0317.jar:na]
	at org.eclipse.core.internal.jobs.Worker.run(Worker.java:53) ~[org.eclipse.core.jobs_3.5.300.v20130429-1813.jar:na]
2014-08-27 16:40:28,367 [Worker-52] INFO  o.e.m.c.i.l.LifecycleMappingFactory - Using org.eclipse.m2e.jdt.JarLifecycleMapping lifecycle mapping for MavenProject: flickrApp:proof-of-concept:0.0.1-SNAPSHOT @ /Users/ufukujo/Workspaces/Eclipse/proof-of-concept/proof-of-concept/pom.xml.
2014-08-27 16:40:41,506 [Worker-50] INFO  o.e.m.c.i.l.LifecycleMappingFactory - Using org.eclipse.m2e.jdt.JarLifecycleMapping lifecycle mapping for MavenProject: flickrApp:proof-of-concept:0.0.1-SNAPSHOT @ /Users/ufukujo/Workspaces/Eclipse/proof-of-concept/proof-of-concept/pom.xml.
2014-08-27 16:41:07,295 [Worker-53] INFO  o.e.m.c.i.l.LifecycleMappingFactory - Using org.eclipse.m2e.jdt.JarLifecycleMapping lifecycle mapping for MavenProject: com.flickr4java:flickr4java:2.7-SNAPSHOT @ /Users/ufukujo/Workspaces/Eclipse/Flickr4Java/Flickr4Java/pom.xml.
2014-08-27 16:41:07,312 [Worker-53] INFO  o.e.m.c.i.l.LifecycleMappingFactory - Using org.eclipse.m2e.jdt.JarLifecycleMapping lifecycle mapping for MavenProject: flickrApp:proof-of-concept:0.0.1-SNAPSHOT @ /Users/ufukujo/Workspaces/Eclipse/proof-of-concept/proof-of-concept/pom.xml.
2014-08-27 16:41:51,559 [Stop Help Server] INFO  o.e.j.server.handler.ContextHandler - stopped o.e.j.s.ServletContextHandler{/help,null}
